0 info it worked if it ends with ok
1 verbose cli [ 'C:\\Program Files\\nodejs\\node.exe',
1 verbose cli   'C:\\Program Files\\nodejs\\node_modules\\npm\\bin\\npm-cli.js',
1 verbose cli   'run',
1 verbose cli   'docs' ]
2 info using npm@3.10.10
3 info using node@v6.10.0
4 verbose run-script [ 'predocs', 'docs', 'postdocs' ]
5 info lifecycle @~predocs: @
6 silly lifecycle @~predocs: no script for predocs, continuing
7 info lifecycle @~docs: @
8 verbose lifecycle @~docs: unsafe-perm in lifecycle true
9 verbose lifecycle @~docs: PATH: C:\Program Files\nodejs\node_modules\npm\bin\node-gyp-bin;C:\Data\Projects\Picturepark.SDK.TypeScript\node_modules\.bin;C:\Program Files (x86)\Microsoft Visual Studio\2017\Enterprise\\MSBuild\15.0\bin;C:\Windows\Microsoft.NET\Framework\v4.0.30319;C:\Program Files (x86)\Microsoft Visual Studio\2017\Enterprise\Common7\IDE\;C:\Program Files (x86)\Microsoft Visual Studio\2017\Enterprise\Common7\Tools\;C:\Program Files (x86)\Intel\iCLS Client\;C:\Program Files\Intel\iCLS Client\;C:\Windows\system32;C:\Windows;C:\Windows\System32\Wbem;C:\Windows\System32\WindowsPowerShell\v1.0\;C:\Program Files (x86)\NVIDIA Corporation\PhysX\Common;C:\Program Files\Intel\WiFi\bin\;C:\Program Files\Common Files\Intel\WirelessCommon\;C:\Users\mail\.dnx\bin;C:\Program Files\Microsoft DNX\Dnvm\;C:\Program Files\Microsoft SQL Server\120\Tools\Binn\;C:\Program Files\Microsoft SQL Server\130\Tools\Binn\;C:\Program Files\nodejs\;C:\ProgramData\chocolatey\bin;C:\Program Files (x86)\Windows Kits\10\Windows Performance Toolkit\;C:\Program Files\dotnet\;C:\Program Files\Git\cmd;C:\Program Files (x86)\Skype\Phone\;C:\Program Files (x86)\Microsoft SQL Server\Client SDK\ODBC\130\Tools\Binn\;C:\Program Files (x86)\Microsoft SQL Server\130\Tools\Binn\;C:\Program Files (x86)\Microsoft SQL Server\130\DTS\Binn\;C:\Program Files (x86)\Microsoft SQL Server\130\Tools\Binn\ManagementStudio\;C:\Program Files (x86)\Intel\Intel(R) Management Engine Components\DAL;C:\Program Files\Intel\Intel(R) Management Engine Components\DAL;C:\Program Files (x86)\Intel\Intel(R) Management Engine Components\IPT;C:\Program Files\Intel\Intel(R) Management Engine Components\IPT;C:\Program Files\TortoiseGit\bin;C:\Users\mail\AppData\Local\Microsoft\WindowsApps;C:\Users\mail\AppData\Roaming\npm;C:\Program Files (x86)\Microsoft VS Code\bin;C:\Program Files (x86)\Rico Suter\NSwagStudio\
10 verbose lifecycle @~docs: CWD: C:\Data\Projects\Picturepark.SDK.TypeScript
11 silly lifecycle @~docs: Args: [ '/d /s /c', 'call "build/07_BuildDocs.bat"' ]
12 silly lifecycle @~docs: Returned: code: 4  signal: null
13 info lifecycle @~docs: Failed to exec docs script
14 verbose stack Error: @ docs: `call "build/07_BuildDocs.bat"`
14 verbose stack Exit status 4
14 verbose stack     at EventEmitter.<anonymous> (C:\Program Files\nodejs\node_modules\npm\lib\utils\lifecycle.js:255:16)
14 verbose stack     at emitTwo (events.js:106:13)
14 verbose stack     at EventEmitter.emit (events.js:191:7)
14 verbose stack     at ChildProcess.<anonymous> (C:\Program Files\nodejs\node_modules\npm\lib\utils\spawn.js:40:14)
14 verbose stack     at emitTwo (events.js:106:13)
14 verbose stack     at ChildProcess.emit (events.js:191:7)
14 verbose stack     at maybeClose (internal/child_process.js:877:16)
14 verbose stack     at Process.ChildProcess._handle.onexit (internal/child_process.js:226:5)
15 verbose pkgid @
16 verbose cwd C:\Data\Projects\Picturepark.SDK.TypeScript
17 error Windows_NT 10.0.14393
18 error argv "C:\\Program Files\\nodejs\\node.exe" "C:\\Program Files\\nodejs\\node_modules\\npm\\bin\\npm-cli.js" "run" "docs"
19 error node v6.10.0
20 error npm  v3.10.10
21 error code ELIFECYCLE
22 error @ docs: `call "build/07_BuildDocs.bat"`
22 error Exit status 4
23 error Failed at the @ docs script 'call "build/07_BuildDocs.bat"'.
23 error Make sure you have the latest version of node.js and npm installed.
23 error If you do, this is most likely a problem with the  package,
23 error not with npm itself.
23 error Tell the author that this fails on your system:
23 error     call "build/07_BuildDocs.bat"
23 error You can get information on how to open an issue for this project with:
23 error     npm bugs
23 error Or if that isn't available, you can get their info via:
23 error     npm owner ls
23 error There is likely additional logging output above.
24 verbose exit [ 1, true ]
